<?xml version="1.0" encoding="UTF-8"?>
<testng-results ignored="0" total="1" passed="1" failed="0" skipped="0">
  <reporter-output>
    <line>
      <![CDATA[Lead created successfully]]>
    </line>
  </reporter-output>
  <suite started-at="2021-06-14T08:52:20 IST" name="Default suite" finished-at="2021-06-14T08:53:29 IST" duration-ms="68298">
    <groups>
    </groups>
    <test started-at="2021-06-14T08:52:20 IST" name="Default test" finished-at="2021-06-14T08:53:29 IST" duration-ms="68298">
      <class name="com.vtiger.testscripts.CreateNewLeadTest">
        <test-method is-config="true" signature="configBC()[pri:0, instance:com.vtiger.testscripts.CreateNewLeadTest@4944252c]" started-at="2021-06-14T08:52:20 IST" name="configBC" finished-at="2021-06-14T08:52:25 IST" duration-ms="4645" status="PASS">
          <reporter-output>
          </reporter-output>
        </test-method> <!-- configBC -->
        <test-method is-config="true" signature="configBM()[pri:0, instance:com.vtiger.testscripts.CreateNewLeadTest@4944252c]" started-at="2021-06-14T08:52:25 IST" name="configBM" finished-at="2021-06-14T08:52:35 IST" duration-ms="10306" status="PASS">
          <reporter-output>
          </reporter-output>
        </test-method> <!-- configBM -->
        <test-method signature="createNewLead()[pri:0, instance:com.vtiger.testscripts.CreateNewLeadTest@4944252c]" started-at="2021-06-14T08:52:35 IST" name="createNewLead" finished-at="2021-06-14T08:53:24 IST" duration-ms="48517" status="PASS">
          <reporter-output>
            <line>
              <![CDATA[Lead created successfully]]>
            </line>
          </reporter-output>
        </test-method> <!-- createNewLead -->
        <test-method is-config="true" signature="configAM()[pri:0, instance:com.vtiger.testscripts.CreateNewLeadTest@4944252c]" started-at="2021-06-14T08:53:24 IST" name="configAM" finished-at="2021-06-14T08:53:27 IST" duration-ms="2996" status="PASS">
          <reporter-output>
          </reporter-output>
        </test-method> <!-- configAM -->
        <test-method is-config="true" signature="configAC()[pri:0, instance:com.vtiger.testscripts.CreateNewLeadTest@4944252c]" started-at="2021-06-14T08:53:27 IST" name="configAC" finished-at="2021-06-14T08:53:29 IST" duration-ms="1676" status="PASS">
          <reporter-output>
          </reporter-output>
        </test-method> <!-- configAC -->
      </class> <!-- com.vtiger.testscripts.CreateNewLeadTest -->
    </test> <!-- Default test -->
  </suite> <!-- Default suite -->
</testng-results>
